<?xml version="1.0" encoding="UTF-8"?>
<testsuite name="com.interview.tests.video.VideoTests" tests="1" skipped="0" failures="0" errors="0" timestamp="2016-11-22T19:20:56" hostname="tech" time="0.043">
  <properties/>
  <testcase name="contextLoads" classname="com.interview.tests.video.VideoTests" time="0.043"/>
  <system-out><![CDATA[00:50:42.452 [Test worker] DEBUG o.s.t.c.j.SpringJUnit4ClassRunner - SpringJUnit4ClassRunner constructor called with [class com.interview.tests.video.VideoTests]
00:50:42.456 [Test worker] DEBUG o.s.test.context.BootstrapUtils - Instantiating CacheAwareContextLoaderDelegate from class [org.springframework.test.context.cache.DefaultCacheAwareContextLoaderDelegate]
00:50:42.468 [Test worker] DEBUG o.s.test.context.BootstrapUtils - Instantiating BootstrapContext using constructor [public org.springframework.test.context.support.DefaultBootstrapContext(java.lang.Class,org.springframework.test.context.CacheAwareContextLoaderDelegate)]
00:50:42.476 [Test worker] DEBUG o.s.test.context.BootstrapUtils - Instantiating TestContextBootstrapper for test class [com.interview.tests.video.VideoTests] from class [org.springframework.test.context.web.WebTestContextBootstrapper]
00:50:42.490 [Test worker] DEBUG o.s.t.c.w.WebTestContextBootstrapper - Found explicit ContextLoader class [org.springframework.boot.test.SpringApplicationContextLoader] for context configuration attributes [ContextConfigurationAttributes@3bf20700 declaringClass = 'com.interview.tests.video.VideoTests', classes = '{class com.intervidd.usermanagement.InterviewVideoApplication}', locations = '{}', inheritLocations = true, initializers = '{}', inheritInitializers = true, name = [null], contextLoaderClass = 'org.springframework.boot.test.SpringApplicationContextLoader']
00:50:42.496 [Test worker] DEBUG o.s.t.c.s.AbstractContextLoader - Did not detect default resource location for test class [com.interview.tests.video.VideoTests]: class path resource [com/interview/tests/video/VideoTests-context.xml] does not exist
00:50:42.496 [Test worker] DEBUG o.s.t.c.s.AbstractContextLoader - Did not detect default resource location for test class [com.interview.tests.video.VideoTests]: class path resource [com/interview/tests/video/VideoTestsContext.groovy] does not exist
00:50:42.497 [Test worker] INFO  o.s.t.c.s.AbstractContextLoader - Could not detect default resource locations for test class [com.interview.tests.video.VideoTests]: no resource found for suffixes {-context.xml, Context.groovy}.
00:50:42.499 [Test worker] DEBUG o.s.t.c.support.ActiveProfilesUtils - Could not find an 'annotation declaring class' for annotation type [org.springframework.test.context.ActiveProfiles] and class [com.interview.tests.video.VideoTests]
00:50:42.501 [Test worker] DEBUG o.s.t.c.w.WebTestContextBootstrapper - @TestExecutionListeners is not present for class [com.interview.tests.video.VideoTests]: using defaults.
00:50:42.506 [Test worker] INFO  o.s.t.c.w.WebTestContextBootstrapper - Loaded default TestExecutionListener class names from location [META-INF/spring.factories]: [org.springframework.test.context.web.ServletTestExecutionListener, org.springframework.test.context.support.DirtiesContextBeforeModesTestExecutionListener, org.springframework.test.context.support.DependencyInjectionTestExecutionListener, org.springframework.test.context.support.DirtiesContextTestExecutionListener, org.springframework.test.context.transaction.TransactionalTestExecutionListener, org.springframework.test.context.jdbc.SqlScriptsTestExecutionListener]
00:50:42.518 [Test worker] INFO  o.s.t.c.w.WebTestContextBootstrapper - Using TestExecutionListeners: [org.springframework.test.context.web.ServletTestExecutionListener@6533c2eb, org.springframework.test.context.support.DirtiesContextBeforeModesTestExecutionListener@54512567, org.springframework.test.context.support.DependencyInjectionTestExecutionListener@4e59f485, org.springframework.test.context.support.DirtiesContextTestExecutionListener@417adc9e, org.springframework.test.context.transaction.TransactionalTestExecutionListener@3a257ac0, org.springframework.test.context.jdbc.SqlScriptsTestExecutionListener@67020afe]
00:50:42.521 [Test worker] DEBUG o.s.t.annotation.ProfileValueUtils - Retrieved @ProfileValueSourceConfiguration [null] for test class [com.interview.tests.video.VideoTests]
00:50:42.521 [Test worker] DEBUG o.s.t.annotation.ProfileValueUtils - Retrieved ProfileValueSource type [class org.springframework.test.annotation.SystemProfileValueSource] for class [com.interview.tests.video.VideoTests]
00:50:42.522 [Test worker] DEBUG o.s.t.annotation.ProfileValueUtils - Retrieved @ProfileValueSourceConfiguration [null] for test class [com.interview.tests.video.VideoTests]
00:50:42.522 [Test worker] DEBUG o.s.t.annotation.ProfileValueUtils - Retrieved ProfileValueSource type [class org.springframework.test.annotation.SystemProfileValueSource] for class [com.interview.tests.video.VideoTests]
00:50:42.524 [Test worker] DEBUG o.s.t.c.s.AbstractDirtiesContextTestExecutionListener - Before test class: context [DefaultTestContext@30e4708d testClass = VideoTests, testInstance = [null], testMethod = [null], testException = [null], mergedContextConfiguration = [WebMergedContextConfiguration@1a1ce26b testClass = VideoTests, locations = '{}', classes = '{class com.intervidd.usermanagement.InterviewVideoApplication}', contextInitializerClasses = '[]', activeProfiles = '{}', propertySourceLocations = '{}', propertySourceProperties = '{}', resourceBasePath = 'src/main/webapp', contextLoader = 'org.springframework.boot.test.SpringApplicationContextLoader', parent = [null]]], class annotated with @DirtiesContext [false] with mode [null].
00:50:42.525 [Test worker] DEBUG o.s.t.annotation.ProfileValueUtils - Retrieved @ProfileValueSourceConfiguration [null] for test class [com.interview.tests.video.VideoTests]
00:50:42.525 [Test worker] DEBUG o.s.t.annotation.ProfileValueUtils - Retrieved ProfileValueSource type [class org.springframework.test.annotation.SystemProfileValueSource] for class [com.interview.tests.video.VideoTests]
00:50:42.570 [Test worker] DEBUG o.s.core.env.StandardEnvironment - Adding [systemProperties] PropertySource with lowest search precedence
00:50:42.572 [Test worker] DEBUG o.s.core.env.StandardEnvironment - Adding [systemEnvironment] PropertySource with lowest search precedence
00:50:42.572 [Test worker] DEBUG o.s.core.env.StandardEnvironment - Initialized StandardEnvironment with PropertySources [systemProperties,systemEnvironment]
00:50:42.573 [Test worker] DEBUG o.s.core.env.StandardEnvironment - Adding [integrationTest] PropertySource with search precedence immediately lower than [systemEnvironment]

  .   ____          _            __ _ _
 /\\ / ___'_ __ _ _(_)_ __  __ _ \ \ \ \
( ( )\___ | '_ | '_| | '_ \/ _` | \ \ \ \
 \\/  ___)| |_)| | | | | || (_| |  ) ) ) )
  '  |____| .__|_| |_|_| |_\__, | / / / /
 =========|_|==============|___/=/_/_/_/
 :: Spring Boot ::        (v1.3.1.RELEASE)

2016-11-23 00:50:42.827  INFO 9645 --- [    Test worker] com.interview.tests.video.VideoTests     : Starting VideoTests on tech with PID 9645 (/home/tech/Documents/personal/usermanagement/build/classes/test started by tech in /home/tech/Documents/personal/usermanagement)
2016-11-23 00:50:42.828  INFO 9645 --- [    Test worker] com.interview.tests.video.VideoTests     : No active profile set, falling back to default profiles: default
2016-11-23 00:50:42.898  INFO 9645 --- [    Test worker] o.s.w.c.s.GenericWebApplicationContext   : Refreshing org.springframework.web.context.support.GenericWebApplicationContext@317144b7: startup date [Wed Nov 23 00:50:42 IST 2016]; root of context hierarchy
2016-11-23 00:50:44.596  INFO 9645 --- [    Test worker] o.s.b.f.s.DefaultListableBeanFactory     : Overriding bean definition for bean 'beanNameViewResolver' with a different definition: replacing [Root bean: class [null]; scope=; abstract=false; lazyInit=false; autowireMode=3; dependencyCheck=0; autowireCandidate=true; primary=false; factoryBeanName=org.springframework.boot.autoconfigure.web.ErrorMvcAutoConfiguration$WhitelabelErrorViewConfiguration; factoryMethodName=beanNameViewResolver; initMethodName=null; destroyMethodName=(inferred); defined in class path resource [org/springframework/boot/autoconfigure/web/ErrorMvcAutoConfiguration$WhitelabelErrorViewConfiguration.class]] with [Root bean: class [null]; scope=; abstract=false; lazyInit=false; autowireMode=3; dependencyCheck=0; autowireCandidate=true; primary=false; factoryBeanName=org.springframework.boot.autoconfigure.web.WebMvcAutoConfiguration$WebMvcAutoConfigurationAdapter; factoryMethodName=beanNameViewResolver; initMethodName=null; destroyMethodName=(inferred); defined in class path resource [org/springframework/boot/autoconfigure/web/WebMvcAutoConfiguration$WebMvcAutoConfigurationAdapter.class]]
2016-11-23 00:50:45.404  INFO 9645 --- [    Test worker] o.s.s.a.AsyncAnnotationBeanPostProcessor : No TaskExecutor bean found for async annotation processing.
2016-11-23 00:50:45.489  INFO 9645 --- [    Test worker] trationDelegate$BeanPostProcessorChecker : Bean 'org.springframework.transaction.annotation.ProxyTransactionManagementConfiguration' of type [class org.springframework.transaction.annotation.ProxyTransactionManagementConfiguration$$EnhancerBySpringCGLIB$$f73d3b0d] is not eligible for getting processed by all BeanPostProcessors (for example: not eligible for auto-proxying)
2016-11-23 00:50:46.322  INFO 9645 --- [    Test worker] j.LocalContainerEntityManagerFactoryBean : Building JPA container EntityManagerFactory for persistence unit 'default'
2016-11-23 00:50:46.368  INFO 9645 --- [    Test worker] o.hibernate.jpa.internal.util.LogHelper  : HHH000204: Processing PersistenceUnitInfo [
	name: default
	...]
2016-11-23 00:50:46.737  INFO 9645 --- [    Test worker] org.hibernate.Version                    : HHH000412: Hibernate Core {4.3.11.Final}
2016-11-23 00:50:46.739  INFO 9645 --- [    Test worker] org.hibernate.cfg.Environment            : HHH000206: hibernate.properties not found
2016-11-23 00:50:46.765  INFO 9645 --- [    Test worker] org.hibernate.cfg.Environment            : HHH000021: Bytecode provider name : javassist
2016-11-23 00:50:47.267  INFO 9645 --- [    Test worker] o.hibernate.annotations.common.Version   : HCANN000001: Hibernate Commons Annotations {4.0.5.Final}
2016-11-23 00:50:47.982  INFO 9645 --- [    Test worker] org.hibernate.dialect.Dialect            : HHH000400: Using dialect: org.hibernate.dialect.MySQLDialect
2016-11-23 00:50:48.073  INFO 9645 --- [    Test worker] o.h.h.i.ast.ASTQueryTranslatorFactory    : HHH000397: Using ASTQueryTranslatorFactory
2016-11-23 00:50:48.784  INFO 9645 --- [    Test worker] org.hibernate.tool.hbm2ddl.SchemaUpdate  : HHH000228: Running hbm2ddl schema update
2016-11-23 00:50:48.784  INFO 9645 --- [    Test worker] org.hibernate.tool.hbm2ddl.SchemaUpdate  : HHH000102: Fetching database metadata
2016-11-23 00:50:48.786  INFO 9645 --- [    Test worker] org.hibernate.tool.hbm2ddl.SchemaUpdate  : HHH000396: Updating schema
2016-11-23 00:50:48.850  INFO 9645 --- [    Test worker] java.sql.DatabaseMetaData                : HHH000262: Table not found: factortypes
2016-11-23 00:50:48.852  INFO 9645 --- [    Test worker] java.sql.DatabaseMetaData                : HHH000262: Table not found: index_audit
2016-11-23 00:50:48.852  INFO 9645 --- [    Test worker] java.sql.DatabaseMetaData                : HHH000262: Table not found: primary_video
2016-11-23 00:50:48.853  INFO 9645 --- [    Test worker] java.sql.DatabaseMetaData                : HHH000262: Table not found: factortypes
2016-11-23 00:50:48.854  INFO 9645 --- [    Test worker] java.sql.DatabaseMetaData                : HHH000262: Table not found: index_audit
2016-11-23 00:50:48.855  INFO 9645 --- [    Test worker] java.sql.DatabaseMetaData                : HHH000262: Table not found: primary_video
2016-11-23 00:50:48.856  INFO 9645 --- [    Test worker] java.sql.DatabaseMetaData                : HHH000262: Table not found: factortypes
2016-11-23 00:50:48.856  INFO 9645 --- [    Test worker] java.sql.DatabaseMetaData                : HHH000262: Table not found: index_audit
2016-11-23 00:50:48.857  INFO 9645 --- [    Test worker] java.sql.DatabaseMetaData                : HHH000262: Table not found: primary_video
2016-11-23 00:50:51.518  INFO 9645 --- [    Test worker] org.hibernate.tool.hbm2ddl.SchemaUpdate  : HHH000232: Schema update complete
2016-11-23 00:50:55.091  INFO 9645 --- [    Test worker] s.w.s.m.m.a.RequestMappingHandlerAdapter : Looking for @ControllerAdvice: org.springframework.web.context.support.GenericWebApplicationContext@317144b7: startup date [Wed Nov 23 00:50:42 IST 2016]; root of context hierarchy
2016-11-23 00:50:55.291  INFO 9645 --- [    Test worker] s.w.s.m.m.a.RequestMappingHandlerMapping : Mapped "{[/api/video/{userId}],methods=[GET],produces=[application/json]}" onto public com.intervidd.usermanagement.response.VideoResponse com.intervidd.usermanagement.controller.VideoController.getVideoOfUserId(java.lang.Long)
2016-11-23 00:50:55.292  INFO 9645 --- [    Test worker] s.w.s.m.m.a.RequestMappingHandlerMapping : Mapped "{[/api/video/{userId}],methods=[POST],produces=[application/json]}" onto public com.intervidd.usermanagement.response.VideoResponse com.intervidd.usermanagement.controller.VideoController.postVideoOfUserId(java.lang.Long)
2016-11-23 00:50:55.293  INFO 9645 --- [    Test worker] s.w.s.m.m.a.RequestMappingHandlerMapping : Mapped "{[/api/video/{userId}],methods=[PUT],produces=[application/json]}" onto public com.intervidd.usermanagement.response.VideoResponse com.intervidd.usermanagement.controller.VideoController.updateVideoOfUserId(java.lang.Long)
2016-11-23 00:50:55.295  INFO 9645 --- [    Test worker] s.w.s.m.m.a.RequestMappingHandlerMapping : Mapped "{[/error],produces=[text/html]}" onto public org.springframework.web.servlet.ModelAndView org.springframework.boot.autoconfigure.web.BasicErrorController.errorHtml(javax.servlet.http.HttpServletRequest,javax.servlet.http.HttpServletResponse)
2016-11-23 00:50:55.296  INFO 9645 --- [    Test worker] s.w.s.m.m.a.RequestMappingHandlerMapping : Mapped "{[/error]}" onto public org.springframework.http.ResponseEntity<java.util.Map<java.lang.String, java.lang.Object>> org.springframework.boot.autoconfigure.web.BasicErrorController.error(javax.servlet.http.HttpServletRequest)
2016-11-23 00:50:55.358  INFO 9645 --- [    Test worker] o.s.w.s.handler.SimpleUrlHandlerMapping  : Mapped URL path [/webjars/**] onto handler of type [class org.springframework.web.servlet.resource.ResourceHttpRequestHandler]
2016-11-23 00:50:55.358  INFO 9645 --- [    Test worker] o.s.w.s.handler.SimpleUrlHandlerMapping  : Mapped URL path [/**] onto handler of type [class org.springframework.web.servlet.resource.ResourceHttpRequestHandler]
2016-11-23 00:50:55.381  INFO 9645 --- [    Test worker] .m.m.a.ExceptionHandlerExceptionResolver : Detected @ExceptionHandler methods in exceptionTranslator
2016-11-23 00:50:55.426  INFO 9645 --- [    Test worker] o.s.w.s.handler.SimpleUrlHandlerMapping  : Mapped URL path [/**/favicon.ico] onto handler of type [class org.springframework.web.servlet.resource.ResourceHttpRequestHandler]
2016-11-23 00:50:56.010  INFO 9645 --- [    Test worker] com.interview.tests.video.VideoTests     : Started VideoTests in 13.43 seconds (JVM running for 15.598)
]]></system-out>
  <system-err><![CDATA[]]></system-err>
</testsuite>
